# JRE version: Java(TM) SE Runtime Environment (8.0_92-b14) (build 1.8.0_92-b14)
# Java VM: Java HotSpot(TM) 64-Bit Server VM (25.92-b14 mixed mode windows-amd64 compressed oops)
Heap:
 PSYoungGen      total 144896K, used 82323K [0x00000000d5e00000, 0x00000000df800000, 0x0000000100000000)
  eden space 133120K, 55% used [0x00000000d5e00000,0x00000000da608140,0x00000000de000000)
  from space 11776K, 72% used [0x00000000dec80000,0x00000000df4dcd10,0x00000000df800000)
  to   space 12288K, 0% used [0x00000000de000000,0x00000000de000000,0x00000000dec00000)
 ParOldGen       total 87552K, used 31619K [0x0000000081a00000, 0x0000000086f80000, 0x00000000d5e00000)
  object space 87552K, 36% used [0x0000000081a00000,0x00000000838e0da0,0x0000000086f80000)
 Metaspace       used 16887K, capacity 17082K, committed 17536K, reserved 1064960K
  class space    used 1755K, capacity 1828K, committed 1920K, reserved 1048576K
GC Heap History (10 events):
Event: 3.301 GC heap before
{Heap before GC invocations=2 (full 0):
 PSYoungGen      total 38400K, used 37457K [0x00000000d5e00000, 0x00000000da900000, 0x0000000100000000)
  eden space 33280K, 100% used [0x00000000d5e00000,0x00000000d7e80000,0x00000000d7e80000)
  from space 5120K, 81% used [0x00000000d7e80000,0x00000000d82946a0,0x00000000d8380000)
  to   space 5120K, 0% used [0x00000000da400000,0x00000000da400000,0x00000000da900000)
 ParOldGen       total 87552K, used 13712K [0x0000000081a00000, 0x0000000086f80000, 0x00000000d5e00000)
  object space 87552K, 15% used [0x0000000081a00000,0x00000000827640b0,0x0000000086f80000)
 Metaspace       used 15130K, capacity 15284K, committed 15488K, reserved 1062912K
  class space    used 1576K, capacity 1635K, committed 1664K, reserved 1048576K
Event: 3.313 GC heap after
Heap after GC invocations=2 (full 0):
 PSYoungGen      total 38400K, used 5107K [0x00000000d5e00000, 0x00000000da900000, 0x0000000100000000)
  eden space 33280K, 0% used [0x00000000d5e00000,0x00000000d5e00000,0x00000000d7e80000)
  from space 5120K, 99% used [0x00000000da400000,0x00000000da8fcd10,0x00000000da900000)
  to   space 5120K, 0% used [0x00000000d7e80000,0x00000000d7e80000,0x00000000d8380000)
 ParOldGen       total 87552K, used 23004K [0x0000000081a00000, 0x0000000086f80000, 0x00000000d5e00000)
  object space 87552K, 26% used [0x0000000081a00000,0x0000000083077210,0x0000000086f80000)
 Metaspace       used 15130K, capacity 15284K, committed 15488K, reserved 1062912K
  class space    used 1576K, capacity 1635K, committed 1664K, reserved 1048576K
}
Event: 3.613 GC heap before
{Heap before GC invocations=3 (full 0):
 PSYoungGen      total 38400K, used 38387K [0x00000000d5e00000, 0x00000000da900000, 0x0000000100000000)
  eden space 33280K, 100% used [0x00000000d5e00000,0x00000000d7e80000,0x00000000d7e80000)
  from space 5120K, 99% used [0x00000000da400000,0x00000000da8fcd10,0x00000000da900000)
  to   space 5120K, 0% used [0x00000000d7e80000,0x00000000d7e80000,0x00000000d8380000)
 ParOldGen       total 87552K, used 23004K [0x0000000081a00000, 0x0000000086f80000, 0x00000000d5e00000)
  object space 87552K, 26% used [0x0000000081a00000,0x0000000083077210,0x0000000086f80000)
 Metaspace       used 15571K, capacity 15764K, committed 16128K, reserved 1062912K
  class space    used 1631K, capacity 1731K, committed 1792K, reserved 1048576K
Event: 3.619 GC heap after
Heap after GC invocations=3 (full 0):
 PSYoungGen      total 38400K, used 5107K [0x00000000d5e00000, 0x00000000da900000, 0x0000000100000000)
  eden space 33280K, 0% used [0x00000000d5e00000,0x00000000d5e00000,0x00000000d7e80000)
  from space 5120K, 99% used [0x00000000d7e80000,0x00000000d837ccf0,0x00000000d8380000)
  to   space 5120K, 0% used [0x00000000da400000,0x00000000da400000,0x00000000da900000)
 ParOldGen       total 87552K, used 25252K [0x0000000081a00000, 0x0000000086f80000, 0x00000000d5e00000)
  object space 87552K, 28% used [0x0000000081a00000,0x00000000832a9350,0x0000000086f80000)
 Metaspace       used 15571K, capacity 15764K, committed 16128K, reserved 1062912K
  class space    used 1631K, capacity 1731K, committed 1792K, reserved 1048576K
}
Event: 4.079 GC heap before
{Heap before GC invocations=4 (full 0):
 PSYoungGen      total 38400K, used 38387K [0x00000000d5e00000, 0x00000000da900000, 0x0000000100000000)
  eden space 33280K, 100% used [0x00000000d5e00000,0x00000000d7e80000,0x00000000d7e80000)
  from space 5120K, 99% used [0x00000000d7e80000,0x00000000d837ccf0,0x00000000d8380000)
  to   space 5120K, 0% used [0x00000000da400000,0x00000000da400000,0x00000000da900000)
 ParOldGen       total 87552K, used 25252K [0x0000000081a00000, 0x0000000086f80000, 0x00000000d5e00000)
  object space 87552K, 28% used [0x0000000081a00000,0x00000000832a9350,0x0000000086f80000)
 Metaspace       used 16124K, capacity 16308K, committed 16640K, reserved 1064960K
  class space    used 1694K, capacity 1763K, committed 1792K, reserved 1048576K
Event: 4.085 GC heap after
Heap after GC invocations=4 (full 0):
 PSYoungGen      total 71680K, used 5107K [0x00000000d5e00000, 0x00000000da900000, 0x0000000100000000)
  eden space 66560K, 0% used [0x00000000d5e00000,0x00000000d5e00000,0x00000000d9f00000)
  from space 5120K, 99% used [0x00000000da400000,0x00000000da8fcd10,0x00000000da900000)
  to   space 5120K, 0% used [0x00000000d9f00000,0x00000000d9f00000,0x00000000da400000)
 ParOldGen       total 87552K, used 28053K [0x0000000081a00000, 0x0000000086f80000, 0x00000000d5e00000)
  object space 87552K, 32% used [0x0000000081a00000,0x00000000835655e8,0x0000000086f80000)
 Metaspace       used 16124K, capacity 16308K, committed 16640K, reserved 1064960K
  class space    used 1694K, capacity 1763K, committed 1792K, reserved 1048576K
}
Event: 4.264 GC heap before
{Heap before GC invocations=5 (full 0):
 PSYoungGen      total 71680K, used 71667K [0x00000000d5e00000, 0x00000000da900000, 0x0000000100000000)
  eden space 66560K, 100% used [0x00000000d5e00000,0x00000000d9f00000,0x00000000d9f00000)
  from space 5120K, 99% used [0x00000000da400000,0x00000000da8fcd10,0x00000000da900000)
  to   space 5120K, 0% used [0x00000000d9f00000,0x00000000d9f00000,0x00000000da400000)
 ParOldGen       total 87552K, used 28053K [0x0000000081a00000, 0x0000000086f80000, 0x00000000d5e00000)
  object space 87552K, 32% used [0x0000000081a00000,0x00000000835655e8,0x0000000086f80000)
 Metaspace       used 16151K, capacity 16308K, committed 16640K, reserved 1064960K
  class space    used 1694K, capacity 1763K, committed 1792K, reserved 1048576K
Event: 4.273 GC heap after
Heap after GC invocations=5 (full 0):
 PSYoungGen      total 71680K, used 5107K [0x00000000d5e00000, 0x00000000df900000, 0x0000000100000000)
  eden space 66560K, 0% used [0x00000000d5e00000,0x00000000d5e00000,0x00000000d9f00000)
  from space 5120K, 99% used [0x00000000d9f00000,0x00000000da3fcd10,0x00000000da400000)
  to   space 12800K, 0% used [0x00000000dec80000,0x00000000dec80000,0x00000000df900000)
 ParOldGen       total 87552K, used 31619K [0x0000000081a00000, 0x0000000086f80000, 0x00000000d5e00000)
  object space 87552K, 36% used [0x0000000081a00000,0x00000000838e0da0,0x0000000086f80000)
 Metaspace       used 16151K, capacity 16308K, committed 16640K, reserved 1064960K
  class space    used 1694K, capacity 1763K, committed 1792K, reserved 1048576K
}
Event: 4.406 GC heap before
{Heap before GC invocations=6 (full 0):
 PSYoungGen      total 71680K, used 71667K [0x00000000d5e00000, 0x00000000df900000, 0x0000000100000000)
  eden space 66560K, 100% used [0x00000000d5e00000,0x00000000d9f00000,0x00000000d9f00000)
  from space 5120K, 99% used [0x00000000d9f00000,0x00000000da3fcd10,0x00000000da400000)
  to   space 12800K, 0% used [0x00000000dec80000,0x00000000dec80000,0x00000000df900000)
 ParOldGen       total 87552K, used 31619K [0x0000000081a00000, 0x0000000086f80000, 0x00000000d5e00000)
  object space 87552K, 36% used [0x0000000081a00000,0x00000000838e0da0,0x0000000086f80000)
 Metaspace       used 16172K, capacity 16372K, committed 16640K, reserved 1064960K
  class space    used 1694K, capacity 1763K, committed 1792K, reserved 1048576K
Event: 4.415 GC heap after
Heap after GC invocations=6 (full 0):
 PSYoungGen      total 144896K, used 8563K [0x00000000d5e00000, 0x00000000df800000, 0x0000000100000000)
  eden space 133120K, 0% used [0x00000000d5e00000,0x00000000d5e00000,0x00000000de000000)
  from space 11776K, 72% used [0x00000000dec80000,0x00000000df4dcd10,0x00000000df800000)
  to   space 12288K, 0% used [0x00000000de000000,0x00000000de000000,0x00000000dec00000)
 ParOldGen       total 87552K, used 31619K [0x0000000081a00000, 0x0000000086f80000, 0x00000000d5e00000)
  object space 87552K, 36% used [0x0000000081a00000,0x00000000838e0da0,0x0000000086f80000)
 Metaspace       used 16172K, capacity 16372K, committed 16640K, reserved 1064960K
  class space    used 1694K, capacity 1763K, committed 1792K, reserved 1048576K
}

