# JRE version: Java(TM) SE Runtime Environment (8.0_20-b26) (build 1.8.0_20-b26)
# Java VM: Java HotSpot(TM) 64-Bit Server VM (25.20-b23 mixed mode windows-amd64 compressed oops)
Heap:
 PSYoungGen      total 128000K, used 43169K [0x00000000d9a00000, 0x00000000e2200000, 0x0000000100000000)
  eden space 119808K, 29% used [0x00000000d9a00000,0x00000000dbc88428,0x00000000e0f00000)
  from space 8192K, 95% used [0x00000000e1800000,0x00000000e1fa0000,0x00000000e2000000)
  to   space 9216K, 0% used [0x00000000e0f00000,0x00000000e0f00000,0x00000000e1800000)
 ParOldGen       total 79360K, used 4336K [0x000000008ce00000, 0x0000000091b80000, 0x00000000d9a00000)
  object space 79360K, 5% used [0x000000008ce00000,0x000000008d23c040,0x0000000091b80000)
 Metaspace       used 12521K, capacity 12664K, committed 12800K, reserved 1060864K
  class space    used 1361K, capacity 1437K, committed 1536K, reserved 1048576K
GC Heap History (10 events):
Event: 7.400 GC heap before
{Heap before GC invocations=2 (full 0):
 PSYoungGen      total 34816K, used 33353K [0x00000000d9a00000, 0x00000000dc080000, 0x0000000100000000)
  eden space 30208K, 100% used [0x00000000d9a00000,0x00000000db780000,0x00000000db780000)
  from space 4608K, 68% used [0x00000000db780000,0x00000000dba92458,0x00000000dbc00000)
  to   space 4608K, 0% used [0x00000000dbc00000,0x00000000dbc00000,0x00000000dc080000)
 ParOldGen       total 79360K, used 0K [0x000000008ce00000, 0x0000000091b80000, 0x00000000d9a00000)
  object space 79360K, 0% used [0x000000008ce00000,0x000000008ce00000,0x0000000091b80000)
 Metaspace       used 10027K, capacity 10150K, committed 10368K, reserved 1058816K
  class space    used 1004K, capacity 1050K, committed 1152K, reserved 1048576K
Event: 7.415 GC heap after
Heap after GC invocations=2 (full 0):
 PSYoungGen      total 34816K, used 4352K [0x00000000d9a00000, 0x00000000dc080000, 0x0000000100000000)
  eden space 30208K, 0% used [0x00000000d9a00000,0x00000000d9a00000,0x00000000db780000)
  from space 4608K, 94% used [0x00000000dbc00000,0x00000000dc040000,0x00000000dc080000)
  to   space 4608K, 0% used [0x00000000db780000,0x00000000db780000,0x00000000dbc00000)
 ParOldGen       total 79360K, used 8K [0x000000008ce00000, 0x0000000091b80000, 0x00000000d9a00000)
  object space 79360K, 0% used [0x000000008ce00000,0x000000008ce02000,0x0000000091b80000)
 Metaspace       used 10027K, capacity 10150K, committed 10368K, reserved 1058816K
  class space    used 1004K, capacity 1050K, committed 1152K, reserved 1048576K
}
Event: 7.826 GC heap before
{Heap before GC invocations=3 (full 0):
 PSYoungGen      total 34816K, used 34560K [0x00000000d9a00000, 0x00000000dc080000, 0x0000000100000000)
  eden space 30208K, 100% used [0x00000000d9a00000,0x00000000db780000,0x00000000db780000)
  from space 4608K, 94% used [0x00000000dbc00000,0x00000000dc040000,0x00000000dc080000)
  to   space 4608K, 0% used [0x00000000db780000,0x00000000db780000,0x00000000dbc00000)
 ParOldGen       total 79360K, used 8K [0x000000008ce00000, 0x0000000091b80000, 0x00000000d9a00000)
  object space 79360K, 0% used [0x000000008ce00000,0x000000008ce02000,0x0000000091b80000)
 Metaspace       used 10575K, capacity 10726K, committed 10880K, reserved 1058816K
  class space    used 1058K, capacity 1114K, committed 1152K, reserved 1048576K
Event: 7.838 GC heap after
Heap after GC invocations=3 (full 0):
 PSYoungGen      total 34816K, used 4416K [0x00000000d9a00000, 0x00000000dde00000, 0x0000000100000000)
  eden space 30208K, 0% used [0x00000000d9a00000,0x00000000d9a00000,0x00000000db780000)
  from space 4608K, 95% used [0x00000000db780000,0x00000000dbbd0040,0x00000000dbc00000)
  to   space 4608K, 0% used [0x00000000dd980000,0x00000000dd980000,0x00000000dde00000)
 ParOldGen       total 79360K, used 16K [0x000000008ce00000, 0x0000000091b80000, 0x00000000d9a00000)
  object space 79360K, 0% used [0x000000008ce00000,0x000000008ce04000,0x0000000091b80000)
 Metaspace       used 10575K, capacity 10726K, committed 10880K, reserved 1058816K
  class space    used 1058K, capacity 1114K, committed 1152K, reserved 1048576K
}
Event: 8.073 GC heap before
{Heap before GC invocations=4 (full 0):
 PSYoungGen      total 34816K, used 34624K [0x00000000d9a00000, 0x00000000dde00000, 0x0000000100000000)
  eden space 30208K, 100% used [0x00000000d9a00000,0x00000000db780000,0x00000000db780000)
  from space 4608K, 95% used [0x00000000db780000,0x00000000dbbd0040,0x00000000dbc00000)
  to   space 4608K, 0% used [0x00000000dd980000,0x00000000dd980000,0x00000000dde00000)
 ParOldGen       total 79360K, used 16K [0x000000008ce00000, 0x0000000091b80000, 0x00000000d9a00000)
  object space 79360K, 0% used [0x000000008ce00000,0x000000008ce04000,0x0000000091b80000)
 Metaspace       used 10582K, capacity 10726K, committed 10880K, reserved 1058816K
  class space    used 1058K, capacity 1114K, committed 1152K, reserved 1048576K
Event: 8.097 GC heap after
Heap after GC invocations=4 (full 0):
 PSYoungGen      total 65024K, used 4592K [0x00000000d9a00000, 0x00000000dde00000, 0x0000000100000000)
  eden space 60416K, 0% used [0x00000000d9a00000,0x00000000d9a00000,0x00000000dd500000)
  from space 4608K, 99% used [0x00000000dd980000,0x00000000dddfc010,0x00000000dde00000)
  to   space 4608K, 0% used [0x00000000dd500000,0x00000000dd500000,0x00000000dd980000)
 ParOldGen       total 79360K, used 1256K [0x000000008ce00000, 0x0000000091b80000, 0x00000000d9a00000)
  object space 79360K, 1% used [0x000000008ce00000,0x000000008cf3a040,0x0000000091b80000)
 Metaspace       used 10582K, capacity 10726K, committed 10880K, reserved 1058816K
  class space    used 1058K, capacity 1114K, committed 1152K, reserved 1048576K
}
Event: 8.420 GC heap before
{Heap before GC invocations=5 (full 0):
 PSYoungGen      total 65024K, used 65008K [0x00000000d9a00000, 0x00000000dde00000, 0x0000000100000000)
  eden space 60416K, 100% used [0x00000000d9a00000,0x00000000dd500000,0x00000000dd500000)
  from space 4608K, 99% used [0x00000000dd980000,0x00000000dddfc010,0x00000000dde00000)
  to   space 4608K, 0% used [0x00000000dd500000,0x00000000dd500000,0x00000000dd980000)
 ParOldGen       total 79360K, used 1256K [0x000000008ce00000, 0x0000000091b80000, 0x00000000d9a00000)
  object space 79360K, 1% used [0x000000008ce00000,0x000000008cf3a040,0x0000000091b80000)
 Metaspace       used 10609K, capacity 10790K, committed 10880K, reserved 1058816K
  class space    used 1060K, capacity 1114K, committed 1152K, reserved 1048576K
Event: 8.454 GC heap after
Heap after GC invocations=5 (full 0):
 PSYoungGen      total 65024K, used 4608K [0x00000000d9a00000, 0x00000000e2000000, 0x0000000100000000)
  eden space 60416K, 0% used [0x00000000d9a00000,0x00000000d9a00000,0x00000000dd500000)
  from space 4608K, 100% used [0x00000000dd500000,0x00000000dd980000,0x00000000dd980000)
  to   space 8192K, 0% used [0x00000000e1800000,0x00000000e1800000,0x00000000e2000000)
 ParOldGen       total 79360K, used 4328K [0x000000008ce00000, 0x0000000091b80000, 0x00000000d9a00000)
  object space 79360K, 5% used [0x000000008ce00000,0x000000008d23a040,0x0000000091b80000)
 Metaspace       used 10609K, capacity 10790K, committed 10880K, reserved 1058816K
  class space    used 1060K, capacity 1114K, committed 1152K, reserved 1048576K
}
Event: 8.753 GC heap before
{Heap before GC invocations=6 (full 0):
 PSYoungGen      total 65024K, used 65024K [0x00000000d9a00000, 0x00000000e2000000, 0x0000000100000000)
  eden space 60416K, 100% used [0x00000000d9a00000,0x00000000dd500000,0x00000000dd500000)
  from space 4608K, 100% used [0x00000000dd500000,0x00000000dd980000,0x00000000dd980000)
  to   space 8192K, 0% used [0x00000000e1800000,0x00000000e1800000,0x00000000e2000000)
 ParOldGen       total 79360K, used 4328K [0x000000008ce00000, 0x0000000091b80000, 0x00000000d9a00000)
  object space 79360K, 5% used [0x000000008ce00000,0x000000008d23a040,0x0000000091b80000)
 Metaspace       used 10614K, capacity 10790K, committed 10880K, reserved 1058816K
  class space    used 1060K, capacity 1114K, committed 1152K, reserved 1048576K
Event: 8.793 GC heap after
Heap after GC invocations=6 (full 0):
 PSYoungGen      total 128000K, used 7808K [0x00000000d9a00000, 0x00000000e2200000, 0x0000000100000000)
  eden space 119808K, 0% used [0x00000000d9a00000,0x00000000d9a00000,0x00000000e0f00000)
  from space 8192K, 95% used [0x00000000e1800000,0x00000000e1fa0000,0x00000000e2000000)
  to   space 9216K, 0% used [0x00000000e0f00000,0x00000000e0f00000,0x00000000e1800000)
 ParOldGen       total 79360K, used 4336K [0x000000008ce00000, 0x0000000091b80000, 0x00000000d9a00000)
  object space 79360K, 5% used [0x000000008ce00000,0x000000008d23c040,0x0000000091b80000)
 Metaspace       used 10614K, capacity 10790K, committed 10880K, reserved 1058816K
  class space    used 1060K, capacity 1114K, committed 1152K, reserved 1048576K
}

