# JRE version: Java(TM) SE Runtime Environment (8.0_20-b26) (build 1.8.0_20-b26)
# Java VM: Java HotSpot(TM) 64-Bit Server VM (25.20-b23 mixed mode windows-amd64 compressed oops)
Heap:
 PSYoungGen      total 128000K, used 49733K [0x00000000d9a00000, 0x00000000e2200000, 0x0000000100000000)
  eden space 119808K, 35% used [0x00000000d9a00000,0x00000000dc3016b8,0x00000000e0f00000)
  from space 8192K, 94% used [0x00000000e1800000,0x00000000e1f90020,0x00000000e2000000)
  to   space 9216K, 0% used [0x00000000e0f00000,0x00000000e0f00000,0x00000000e1800000)
 ParOldGen       total 79360K, used 4348K [0x000000008ce00000, 0x0000000091b80000, 0x00000000d9a00000)
  object space 79360K, 5% used [0x000000008ce00000,0x000000008d23f040,0x0000000091b80000)
 Metaspace       used 12601K, capacity 12798K, committed 13056K, reserved 1060864K
  class space    used 1366K, capacity 1438K, committed 1536K, reserved 1048576K
GC Heap History (10 events):
Event: 9.111 GC heap before
{Heap before GC invocations=2 (full 0):
 PSYoungGen      total 34816K, used 33339K [0x00000000d9a00000, 0x00000000dc080000, 0x0000000100000000)
  eden space 30208K, 100% used [0x00000000d9a00000,0x00000000db780000,0x00000000db780000)
  from space 4608K, 67% used [0x00000000db780000,0x00000000dba8ee10,0x00000000dbc00000)
  to   space 4608K, 0% used [0x00000000dbc00000,0x00000000dbc00000,0x00000000dc080000)
 ParOldGen       total 79360K, used 16K [0x000000008ce00000, 0x0000000091b80000, 0x00000000d9a00000)
  object space 79360K, 0% used [0x000000008ce00000,0x000000008ce04000,0x0000000091b80000)
 Metaspace       used 10014K, capacity 10150K, committed 10368K, reserved 1058816K
  class space    used 1004K, capacity 1050K, committed 1152K, reserved 1048576K
Event: 9.133 GC heap after
Heap after GC invocations=2 (full 0):
 PSYoungGen      total 34816K, used 4368K [0x00000000d9a00000, 0x00000000dde00000, 0x0000000100000000)
  eden space 30208K, 0% used [0x00000000d9a00000,0x00000000d9a00000,0x00000000db780000)
  from space 4608K, 94% used [0x00000000dbc00000,0x00000000dc044050,0x00000000dc080000)
  to   space 4608K, 0% used [0x00000000db780000,0x00000000db780000,0x00000000dbc00000)
 ParOldGen       total 79360K, used 24K [0x000000008ce00000, 0x0000000091b80000, 0x00000000d9a00000)
  object space 79360K, 0% used [0x000000008ce00000,0x000000008ce06000,0x0000000091b80000)
 Metaspace       used 10014K, capacity 10150K, committed 10368K, reserved 1058816K
  class space    used 1004K, capacity 1050K, committed 1152K, reserved 1048576K
}
Event: 9.655 GC heap before
{Heap before GC invocations=3 (full 0):
 PSYoungGen      total 34816K, used 34576K [0x00000000d9a00000, 0x00000000dde00000, 0x0000000100000000)
  eden space 30208K, 100% used [0x00000000d9a00000,0x00000000db780000,0x00000000db780000)
  from space 4608K, 94% used [0x00000000dbc00000,0x00000000dc044050,0x00000000dc080000)
  to   space 4608K, 0% used [0x00000000db780000,0x00000000db780000,0x00000000dbc00000)
 ParOldGen       total 79360K, used 24K [0x000000008ce00000, 0x0000000091b80000, 0x00000000d9a00000)
  object space 79360K, 0% used [0x000000008ce00000,0x000000008ce06000,0x0000000091b80000)
 Metaspace       used 10568K, capacity 10726K, committed 10880K, reserved 1058816K
  class space    used 1058K, capacity 1114K, committed 1152K, reserved 1048576K
Event: 9.669 GC heap after
Heap after GC invocations=3 (full 0):
 PSYoungGen      total 34816K, used 4464K [0x00000000d9a00000, 0x00000000dde00000, 0x0000000100000000)
  eden space 30208K, 0% used [0x00000000d9a00000,0x00000000d9a00000,0x00000000db780000)
  from space 4608K, 96% used [0x00000000db780000,0x00000000dbbdc030,0x00000000dbc00000)
  to   space 4608K, 0% used [0x00000000dd980000,0x00000000dd980000,0x00000000dde00000)
 ParOldGen       total 79360K, used 32K [0x000000008ce00000, 0x0000000091b80000, 0x00000000d9a00000)
  object space 79360K, 0% used [0x000000008ce00000,0x000000008ce08000,0x0000000091b80000)
 Metaspace       used 10568K, capacity 10726K, committed 10880K, reserved 1058816K
  class space    used 1058K, capacity 1114K, committed 1152K, reserved 1048576K
}
Event: 9.954 GC heap before
{Heap before GC invocations=4 (full 0):
 PSYoungGen      total 34816K, used 34672K [0x00000000d9a00000, 0x00000000dde00000, 0x0000000100000000)
  eden space 30208K, 100% used [0x00000000d9a00000,0x00000000db780000,0x00000000db780000)
  from space 4608K, 96% used [0x00000000db780000,0x00000000dbbdc030,0x00000000dbc00000)
  to   space 4608K, 0% used [0x00000000dd980000,0x00000000dd980000,0x00000000dde00000)
 ParOldGen       total 79360K, used 32K [0x000000008ce00000, 0x0000000091b80000, 0x00000000d9a00000)
  object space 79360K, 0% used [0x000000008ce00000,0x000000008ce08000,0x0000000091b80000)
 Metaspace       used 10583K, capacity 10726K, committed 10880K, reserved 1058816K
  class space    used 1058K, capacity 1114K, committed 1152K, reserved 1048576K
Event: 10.014 GC heap after
Heap after GC invocations=4 (full 0):
 PSYoungGen      total 65024K, used 4592K [0x00000000d9a00000, 0x00000000dde00000, 0x0000000100000000)
  eden space 60416K, 0% used [0x00000000d9a00000,0x00000000d9a00000,0x00000000dd500000)
  from space 4608K, 99% used [0x00000000dd980000,0x00000000dddfc030,0x00000000dde00000)
  to   space 4608K, 0% used [0x00000000dd500000,0x00000000dd500000,0x00000000dd980000)
 ParOldGen       total 79360K, used 1284K [0x000000008ce00000, 0x0000000091b80000, 0x00000000d9a00000)
  object space 79360K, 1% used [0x000000008ce00000,0x000000008cf41040,0x0000000091b80000)
 Metaspace       used 10583K, capacity 10726K, committed 10880K, reserved 1058816K
  class space    used 1058K, capacity 1114K, committed 1152K, reserved 1048576K
}
Event: 10.552 GC heap before
{Heap before GC invocations=5 (full 0):
 PSYoungGen      total 65024K, used 65008K [0x00000000d9a00000, 0x00000000dde00000, 0x0000000100000000)
  eden space 60416K, 100% used [0x00000000d9a00000,0x00000000dd500000,0x00000000dd500000)
  from space 4608K, 99% used [0x00000000dd980000,0x00000000dddfc030,0x00000000dde00000)
  to   space 4608K, 0% used [0x00000000dd500000,0x00000000dd500000,0x00000000dd980000)
 ParOldGen       total 79360K, used 1284K [0x000000008ce00000, 0x0000000091b80000, 0x00000000d9a00000)
  object space 79360K, 1% used [0x000000008ce00000,0x000000008cf41040,0x0000000091b80000)
 Metaspace       used 10593K, capacity 10726K, committed 10880K, reserved 1058816K
  class space    used 1058K, capacity 1114K, committed 1152K, reserved 1048576K
Event: 10.627 GC heap after
Heap after GC invocations=5 (full 0):
 PSYoungGen      total 65024K, used 4592K [0x00000000d9a00000, 0x00000000e2000000, 0x0000000100000000)
  eden space 60416K, 0% used [0x00000000d9a00000,0x00000000d9a00000,0x00000000dd500000)
  from space 4608K, 99% used [0x00000000dd500000,0x00000000dd97c030,0x00000000dd980000)
  to   space 8192K, 0% used [0x00000000e1800000,0x00000000e1800000,0x00000000e2000000)
 ParOldGen       total 79360K, used 4348K [0x000000008ce00000, 0x0000000091b80000, 0x00000000d9a00000)
  object space 79360K, 5% used [0x000000008ce00000,0x000000008d23f040,0x0000000091b80000)
 Metaspace       used 10593K, capacity 10726K, committed 10880K, reserved 1058816K
  class space    used 1058K, capacity 1114K, committed 1152K, reserved 1048576K
}
Event: 10.924 GC heap before
{Heap before GC invocations=6 (full 0):
 PSYoungGen      total 65024K, used 65008K [0x00000000d9a00000, 0x00000000e2000000, 0x0000000100000000)
  eden space 60416K, 100% used [0x00000000d9a00000,0x00000000dd500000,0x00000000dd500000)
  from space 4608K, 99% used [0x00000000dd500000,0x00000000dd97c030,0x00000000dd980000)
  to   space 8192K, 0% used [0x00000000e1800000,0x00000000e1800000,0x00000000e2000000)
 ParOldGen       total 79360K, used 4348K [0x000000008ce00000, 0x0000000091b80000, 0x00000000d9a00000)
  object space 79360K, 5% used [0x000000008ce00000,0x000000008d23f040,0x0000000091b80000)
 Metaspace       used 10599K, capacity 10726K, committed 10880K, reserved 1058816K
  class space    used 1058K, capacity 1114K, committed 1152K, reserved 1048576K
Event: 10.959 GC heap after
Heap after GC invocations=6 (full 0):
 PSYoungGen      total 128000K, used 7744K [0x00000000d9a00000, 0x00000000e2200000, 0x0000000100000000)
  eden space 119808K, 0% used [0x00000000d9a00000,0x00000000d9a00000,0x00000000e0f00000)
  from space 8192K, 94% used [0x00000000e1800000,0x00000000e1f90020,0x00000000e2000000)
  to   space 9216K, 0% used [0x00000000e0f00000,0x00000000e0f00000,0x00000000e1800000)
 ParOldGen       total 79360K, used 4348K [0x000000008ce00000, 0x0000000091b80000, 0x00000000d9a00000)
  object space 79360K, 5% used [0x000000008ce00000,0x000000008d23f040,0x0000000091b80000)
 Metaspace       used 10599K, capacity 10726K, committed 10880K, reserved 1058816K
  class space    used 1058K, capacity 1114K, committed 1152K, reserved 1048576K
}

